<?xml version="1.0" encoding="UTF-8"?>
<testsuite name="com.mariam.calculatrice.CalculatriceApplicationTest" tests="1" skipped="0" failures="0" errors="0" timestamp="2024-10-29T15:37:55" hostname="mr-virtual-machine" time="0.151">
  <properties/>
  <testcase name="testSum()" classname="com.mariam.calculatrice.CalculatriceApplicationTest" time="0.151"/>
  <system-out><![CDATA[]]></system-out>
  <system-err><![CDATA[]]></system-err>
</testsuite>
